2020-12-09 17:26:20 INFO  - from | 985605565 |      T1MON | H
2020-12-09 17:26:21 INFO  - to   | 985605565 |      T1MON | Не известен город H мне
2020-12-09 17:26:21 INFO  - to   | 985605565 |      T1MON | Откуда ты, знать я желаю
2020-12-09 17:26:21 INFO  - from | 985605565 |      T1MON | Москва
2020-12-09 17:26:22 INFO  - to   | 985605565 |      T1MON | Твое местоположение известно мне стало
2020-12-09 17:26:23 INFO  - from | 985605565 |      T1MON | Сегодня
2020-12-09 17:26:24 INFO  - to   | 985605565 |      T1MON | <b>🌦 <u>Прогноз в Москвe на сегодня</u></b>  📆 <i><b>9 декабря</b></i>, <i>Среда</i>    <b> </b> <b> </b> <b> </b> <b> </b> <b> </b>  <b> ☀Ясно☀ </b>    <b> </b> <b> </b>  🌡 -5℃ (🤒 -10℃)  <b> </b> <b> </b>  🎈  779 мм рт ст  <b> </b> <b> </b>  💨 3,0 м/с ⬅ В    <pre>openweathermap.org</pre>
2020-12-09 17:26:55 INFO  - from | 985605565 |      T1MON | Сегодня
2020-12-09 17:26:56 INFO  - to   | 985605565 |      T1MON | Не известен город Сегодня мне
2020-12-09 17:26:56 INFO  - to   | 985605565 |      T1MON | Откуда ты, знать я желаю
2020-12-09 17:27:00 INFO  - from | 985605565 |      T1MON | Сарапул
2020-12-09 17:27:01 INFO  - to   | 985605565 |      T1MON | Твое местоположение известно мне стало
2020-12-09 17:34:04 INFO  - from | 985605565 |      T1MON | @дла
2020-12-09 17:34:05 INFO  - to   | 985605565 |      T1MON | Непонятны мне слова твои
2020-12-09 17:34:15 INFO  - from | 985605565 |      T1MON | @errors
2020-12-09 17:34:16 INFO  - to   | 985605565 |      T1MON | Непонятны мне слова твои
2020-12-09 17:34:31 INFO  - from | 985605565 |      T1MON | /@errora
2020-12-09 17:34:31 INFO  - to   | 985605565 |      T1MON | Непонятны мне слова твои
2020-12-09 17:34:33 INFO  - from | 985605565 |      T1MON | /@errora
2020-12-09 17:34:33 INFO  - to   | 985605565 |      T1MON | Непонятны мне слова твои
2020-12-09 17:34:35 INFO  - from | 985605565 |      T1MON | /@errora
2020-12-09 17:34:35 INFO  - to   | 985605565 |      T1MON | Непонятны мне слова твои
2020-12-09 17:38:25 INFO  - from | 985605565 |      T1MON | 12 часов
2020-12-09 17:38:26 INFO  - to   | 985605565 |      T1MON | <b>🌦 <u>Прогноз в Сарапул по часам</u></b>  📆 <i><b>9 декабря</b></i>, <i>Среда</i>    <b> </b> <b> </b> <b> </b> <b> </b> <b> </b> <b> </b> <b> </b>  <b> 17:00 </b>  <b> </b> <b> </b>  <b> ☀Ясно☀ </b>  <b> </b> <b> </b>  🌡 -10℃ (🤒 -15℃)  <b> </b> <b> </b>  💨 2,5 м/с ↘ С-З    <b> </b> <b> </b> <b> </b> <b> </b> <b> </b> <b> </b> <b> </b>  <b> 18:00 </b>  <b> </b> <b> </b>  <b> ☀Ясно☀ </b>  <b> </b> <b> </b>  🌡 -10℃ (🤒 -15℃)  <b> </b> <b> </b>  💨 2,6 м/с ↘ С-З    <b> </b> <b> </b> <b> </b> <b> </b> <b> </b> <b> </b> <b> </b>  <b> 19:00 </b>  <b> </b> <b> </b>  <b> ☀Ясно☀ </b>  <b> </b> <b> </b>  🌡 -10℃ (🤒 -15℃)  <b> </b> <b> </b>  💨 2,5 м/с ↘ С-З    <b> </b> <b> </b> <b> </b> <b> </b> <b> </b> <b> </b> <b> </b>  <b> 20:00 </b>  <b> </b> <b> </b>  <b> ☀Ясно☀ </b>  <b> </b> <b> </b>  🌡 -10℃ (🤒 -15℃)  <b> </b> <b> </b>  💨 2,5 м/с ↘ С-З    <b> </b> <b> </b> <b> </b> <b> </b> <b> </b> <b> </b> <b> </b>  <b> 21:00 </b>  <b> </b> <b> </b>  <b> ☀Ясно☀ </b>  <b> </b> <b> </b>  🌡 -10℃ (🤒 -15℃)  <b> </b> <b> </b>  💨 2,4 м/с ↘ С-З    <b> </b> <b> </b> <b> </b> <b> </b> <b> </b> <b> </b> <b> </b>  <b> 22:00 </b>  <b> </b> <b> </b>  <b> ☀Ясно☀ </b>  <b> </b> <b> </b>  🌡 -10℃ (🤒 -15℃)  <b> </b> <b> </b>  💨 2,4 м/с ↘ С-З    <b> </b> <b> </b> <b> </b> <b> </b> <b> </b> <b> </b> <b> </b>  <b> 23:00 </b>  <b> </b> <b> </b>  <b> ☀Ясно☀ </b>  <b> </b> <b> </b>  🌡 -10℃ (🤒 -15℃)  <b> </b> <b> </b>  💨 2,3 м/с ↘ С-З    <b> </b> <b> </b> <b> </b> <b> </b> <b> </b> <b> </b> <b> </b>  <b> 00:00 </b>  <b> </b> <b> </b>  <b> ☀Ясно☀ </b>  <b> </b> <b> </b>  🌡 -10℃ (🤒 -15℃)  <b> </b> <b> </b>  💨 2,3 м/с ↘ С-З    <b> </b> <b> </b> <b> </b> <b> </b> <b> </b> <b> </b> <b> </b>  <b> 01:00 </b>  <b> </b> <b> </b>  <b> ☀Ясно☀ </b>  <b> </b> <b> </b>  🌡 -11℃ (🤒 -15℃)  <b> </b> <b> </b>  💨 2,3 м/с ↘ С-З    <b> </b> <b> </b> <b> </b> <b> </b> <b> </b> <b> </b> <b> </b>  <b> 02:00 </b>  <b> </b> <b> </b>  <b> ☀Ясно☀ </b>  <b> </b> <b> </b>  🌡 -11℃ (🤒 -15℃)  <b> </b> <b> </b>  💨 2,2 м/с ↘ С-З    <b> </b> <b> </b> <b> </b> <b> </b> <b> </b> <b> </b> <b> </b>  <b> 03:00 </b>  <b> </b> <b> </b>  <b> ☀Ясно☀ </b>  <b> </b> <b> </b>  🌡 -11℃ (🤒 -15℃)  <b> </b> <b> </b>  💨 2,2 м/с ↘ С-З    <b> </b> <b> </b> <b> </b> <b> </b> <b> </b> <b> </b> <b> </b>  <b> 04:00 </b>  <b> </b> <b> </b>  <b> ☀Ясно☀ </b>  <b> </b> <b> </b>  🌡 -11℃ (🥶 -16℃)  <b> </b> <b> </b>  💨 2,2 м/с ↘ С-З    <pre>openweathermap.org</pre>
2020-12-09 17:38:27 INFO  - from | 985605565 |      T1MON | Неделя
2020-12-09 17:38:28 INFO  - to   | 985605565 |      T1MON | <b>🌦 <u>Прогноз в Сарапул на неделю</u></b>    📆 <i><b>9 декабря</b></i>, <i>Среда</i>  <b> </b> <b> </b>  <b> ☀Ясно☀ </b>  <b> </b> <b> </b>  🌡 -8℃ ↕ -11℃  <b> </b> <b> </b>  💨 2,3 м/с ↘ С-З    📆 <i><b>10 декабря</b></i>, <i>Четверг</i>  <b> </b> <b> </b>  <b> ☀Ясно☀ </b>  <b> </b> <b> </b>  🌡 -8℃ ↕ -11℃  <b> </b> <b> </b>  💨 1,7 м/с ⬇ С    📆 <i><b>11 декабря</b></i>, <i>Пятница</i>  <b> </b> <b> </b>  <b> ☀Ясно☀ </b>  <b> </b> <b> </b>  🌡 -9℃ ↕ -13℃  <b> </b> <b> </b>  💨 1,2 м/с ↖ Ю-В    📆 <i><b>12 декабря</b></i>, <i>Суббота</i>  <b> </b> <b> </b>  <b> ☀Ясно☀ </b>  <b> </b> <b> </b>  🌡 -11℃ ↕ -14℃  <b> </b> <b> </b>  💨 2,3 м/с ↗ Ю-З    📆 <i><b>13 декабря</b></i>, <i>Воскресенье</i>  <b> </b> <b> </b>  <b> ☁Облачно с прояснениями☁ </b>  <b> </b> <b> </b>  🌡 -12℃ ↕ -14℃  <b> </b> <b> </b>  💨 2,4 м/с ↗ Ю-З    📆 <i><b>14 декабря</b></i>, <i>Понедельник</i>  <b> </b> <b> </b>  <b> ☁Пасмурно☁ </b>  <b> </b> <b> </b>  🌡 -11℃ ↕ -14℃  <b> </b> <b> </b>  💨 2,4 м/с ↗ Ю-З    📆 <i><b>15 декабря</b></i>, <i>Вторник</i>  <b> </b> <b> </b>  <b> ☁Пасмурно☁ </b>  <b> </b> <b> </b>  🌡 -9℃ ↕ -11℃  <b> </b> <b> </b>  💨 3,6 м/с ⬆ Ю    📆 <i><b>16 декабря</b></i>, <i>Среда</i>  <b> </b> <b> </b>  <b> ☁Облачно с прояснениями☁ </b>  <b> </b> <b> </b>  🌡 -10℃ ↕ -13℃  <b> </b> <b> </b>  💨 2,6 м/с ↗ Ю-З    <pre>openweathermap.org</pre>
2020-12-09 17:38:34 INFO  - from | 985605565 |      T1MON | /week
2020-12-09 17:38:35 INFO  - to   | 985605565 |      T1MON | <b>🌦 <u>Прогноз в Сарапул на неделю</u></b>    📆 <i><b>9 декабря</b></i>, <i>Среда</i>  <b> </b> <b> </b>  <b> ☀Ясно☀ </b>  <b> </b> <b> </b>  🌡 -8℃ ↕ -11℃  <b> </b> <b> </b>  💨 2,3 м/с ↘ С-З    📆 <i><b>10 декабря</b></i>, <i>Четверг</i>  <b> </b> <b> </b>  <b> ☀Ясно☀ </b>  <b> </b> <b> </b>  🌡 -8℃ ↕ -11℃  <b> </b> <b> </b>  💨 1,7 м/с ⬇ С    📆 <i><b>11 декабря</b></i>, <i>Пятница</i>  <b> </b> <b> </b>  <b> ☀Ясно☀ </b>  <b> </b> <b> </b>  🌡 -9℃ ↕ -13℃  <b> </b> <b> </b>  💨 1,2 м/с ↖ Ю-В    📆 <i><b>12 декабря</b></i>, <i>Суббота</i>  <b> </b> <b> </b>  <b> ☀Ясно☀ </b>  <b> </b> <b> </b>  🌡 -11℃ ↕ -14℃  <b> </b> <b> </b>  💨 2,3 м/с ↗ Ю-З    📆 <i><b>13 декабря</b></i>, <i>Воскресенье</i>  <b> </b> <b> </b>  <b> ☁Облачно с прояснениями☁ </b>  <b> </b> <b> </b>  🌡 -12℃ ↕ -14℃  <b> </b> <b> </b>  💨 2,4 м/с ↗ Ю-З    📆 <i><b>14 декабря</b></i>, <i>Понедельник</i>  <b> </b> <b> </b>  <b> ☁Пасмурно☁ </b>  <b> </b> <b> </b>  🌡 -11℃ ↕ -14℃  <b> </b> <b> </b>  💨 2,4 м/с ↗ Ю-З    📆 <i><b>15 декабря</b></i>, <i>Вторник</i>  <b> </b> <b> </b>  <b> ☁Пасмурно☁ </b>  <b> </b> <b> </b>  🌡 -9℃ ↕ -11℃  <b> </b> <b> </b>  💨 3,6 м/с ⬆ Ю    📆 <i><b>16 декабря</b></i>, <i>Среда</i>  <b> </b> <b> </b>  <b> ☁Облачно с прояснениями☁ </b>  <b> </b> <b> </b>  🌡 -10℃ ↕ -13℃  <b> </b> <b> </b>  💨 2,6 м/с ↗ Ю-З    <pre>openweathermap.org</pre>
2020-12-09 17:38:47 INFO  - from | 985605565 |      T1MON | /subscribe
2020-12-09 17:38:47 INFO  - to   | 985605565 |      T1MON | Каждый день получать погоду будешь ты
2020-12-09 17:38:50 INFO  - from | 985605565 |      T1MON | Отписаться
2020-12-09 17:38:50 INFO  - to   | 985605565 |      T1MON | Получать погоду больше не будешь ты
2020-12-09 17:58:19 INFO  - from | 985605565 |      T1MON | &appid=hjfjf
2020-12-09 17:59:09 INFO  - from | 985605565 |      T1MON | Ff
2020-12-09 17:59:09 INFO  - to   | 985605565 |      T1MON | Не известен город Ff мне
2020-12-09 17:59:09 INFO  - to   | 985605565 |      T1MON | Откуда ты, знать я желаю
2020-12-09 17:59:28 INFO  - from | 985605565 |      T1MON | &appid=hjfjf
2020-12-09 18:01:55 INFO  - from | 985605565 |      T1MON | &appid=hjfjf
2020-12-09 18:02:45 INFO  - from | 985605565 |      T1MON | Ff
2020-12-09 18:02:47 INFO  - to   | 985605565 |      T1MON | Не известен город Ff мне
2020-12-09 18:02:47 INFO  - to   | 985605565 |      T1MON | Откуда ты, знать я желаю
2020-12-09 18:02:47 INFO  - from | 985605565 |      T1MON | F
2020-12-09 18:02:48 INFO  - to   | 985605565 |      T1MON | Не известен город F мне
2020-12-09 18:02:48 INFO  - to   | 985605565 |      T1MON | Откуда ты, знать я желаю
2020-12-09 18:02:51 INFO  - from | 985605565 |      T1MON | D
2020-12-09 18:02:51 INFO  - to   | 985605565 |      T1MON | Не известен город D мне
2020-12-09 18:02:51 INFO  - to   | 985605565 |      T1MON | Откуда ты, знать я желаю
2020-12-09 18:02:54 INFO  - from | 985605565 |      T1MON | I
2020-12-09 18:02:55 INFO  - to   | 985605565 |      T1MON | Не известен город I мне
2020-12-09 18:02:55 INFO  - to   | 985605565 |      T1MON | Откуда ты, знать я желаю
2020-12-09 18:02:57 INFO  - from | 985605565 |      T1MON | D
2020-12-09 18:02:58 INFO  - to   | 985605565 |      T1MON | Не известен город D мне
2020-12-09 18:02:58 INFO  - to   | 985605565 |      T1MON | Откуда ты, знать я желаю
2020-12-09 18:15:59 INFO  - from | 985605565 |      T1MON | &appid=hjfjf
2020-12-09 18:26:36 INFO  - from | 985605565 |      T1MON | &appid=hjfjf
2020-12-09 18:32:27 INFO  - from | 985605565 |      T1MON | &appid=hjfjf
2020-12-09 18:32:45 INFO  - from | 985605565 |      T1MON | Jjr
2020-12-09 18:32:46 INFO  - to   | 985605565 |      T1MON | Не известен город Jjr мне
2020-12-09 18:32:46 INFO  - to   | 985605565 |      T1MON | Откуда ты, знать я желаю
2020-12-09 18:32:50 INFO  - from | 985605565 |      T1MON | Jjt
2020-12-09 18:32:50 INFO  - to   | 985605565 |      T1MON | Не известен город Jjt мне
2020-12-09 18:32:50 INFO  - to   | 985605565 |      T1MON | Откуда ты, знать я желаю
2020-12-09 18:33:44 INFO  - from | 985605565 |      T1MON | &appid=hjfjf
2020-12-09 18:38:13 INFO  - from | 985605565 |      T1MON | &appid=hjfjf
2020-12-09 18:39:14 INFO  - from | 985605565 |      T1MON | &appid=hjfjf
2020-12-09 18:39:14 INFO  - to   | 985605565 |      T1MON | Не известен город &appid=hjfjf мне
2020-12-09 18:39:14 INFO  - to   | 985605565 |      T1MON | Откуда ты, знать я желаю
2020-12-09 18:44:07 INFO  - from | 985605565 |      T1MON | Ир
2020-12-09 18:44:08 INFO  - to   | 985605565 |      T1MON | Не известен город Ир мне
2020-12-09 18:44:08 INFO  - to   | 985605565 |      T1MON | Откуда ты, знать я желаю
2020-12-09 18:44:14 INFO  - from | 985605565 |      T1MON | /start
2020-12-09 18:44:14 INFO  - to   | 985605565 |      T1MON | Здравствуй, юный подаван (@_@)
2020-12-09 18:44:14 INFO  - to   | 985605565 |      T1MON | Откуда ты, знать я желаю
2020-12-09 18:44:17 INFO  - from | 985605565 |      T1MON | /today
2020-12-09 18:44:18 INFO  - to   | 985605565 |      T1MON | Не известен город /today мне
2020-12-09 18:44:18 INFO  - to   | 985605565 |      T1MON | Откуда ты, знать я желаю
2020-12-09 18:44:41 INFO  - from | 985605565 |      T1MON | /week
2020-12-09 18:44:42 INFO  - to   | 985605565 |      T1MON | Не известен город /week мне
2020-12-09 18:44:42 INFO  - to   | 985605565 |      T1MON | Откуда ты, знать я желаю
2020-12-09 18:44:48 INFO  - from | 985605565 |      T1MON | Москва
2020-12-09 18:44:48 INFO  - to   | 985605565 |      T1MON | Твое местоположение известно мне стало
2020-12-09 18:44:55 INFO  - from | 985605565 |      T1MON | /tomorrow
2020-12-09 18:44:56 INFO  - to   | 985605565 |      T1MON | <b>🌦 <u>Прогноз в Москвe на завтра</u></b>  📆 <i><b>10 декабря</b></i>, <i>Четверг</i>    <b> </b> <b> </b> <b> </b> <b> </b> <b> </b>  <b> ☀Ясно☀ </b>    <b> </b> <b> </b> <b> </b> <b> </b> <b> </b> <b> </b> <b> </b> <b> </b> <b> </b> <b> </b>  <b><u>Температура</u></b>    <b> </b> <b> </b> <b> </b>  🌅 <b> </b> <b> </b> <b> </b> <b> </b> <b> </b>  🏙 <b> </b> <b> </b> <b> </b> <b> </b> <b> </b>  🌄 <b> </b> <b> </b> <b> </b> <b> </b> <b> </b>  🌉  <b> </b>    -8℃ <b> </b> <b> </b> <b> </b>    -6℃ <b> </b> <b> </b> <b> </b>    -7℃ <b> </b> <b> </b> <b> </b>    -7℃    <b> </b> <b> </b>  🎈  778 мм рт ст  <b> </b> <b> </b>  💨 3,7 м/с ↖ Ю-В    <pre>openweathermap.org</pre>
